<?xml version="1.0" encoding="UTF-8" standalone="no"?>
<testsuite errors="0" failures="1" name="io.cucumber.core.plugin.JUnitFormatter" skipped="0" tests="1" time="0.265">
    <testcase classname="Login Functionality" name="Valid Login with Correct Credentials" time="0.093">
        <failure message="The scenario has pending or undefined step(s)" type="java.lang.Exception"><![CDATA[Given the user is on the login page.........................................undefined
When the user enters valid username and password............................skipped
And clicks on the Login button..............................................skipped
Then the user should be redirected to the dashboard.........................skipped
]]></failure>
    </testcase>
</testsuite>
